2024-06-02 17:05:30,660 [INFO] Activator:176 - 


2024-06-02 17:05:30,663 [INFO] Activator:177 - !SESSION log4j initialized
2024-06-02 17:05:33,342 [INFO] LogOutputStream:77 - [STDOUT_REDIRECT] 
2024-06-02 17:05:35,612 [INFO] ApplicationProperties:184 - Using Application install path: C:\ST\STM32CubeIDE_1.15.0\STM32CubeIDE\plugins\com.st.stm32cube.common.mx_6.11.0.202403141607
2024-06-02 17:05:35,631 [INFO] DbMcusXml:78 - Set database path to: C:\ST\STM32CubeIDE_1.15.0\STM32CubeIDE\plugins\com.st.stm32cube.common.mx_6.11.0.202403141607\\db\/mcu/
2024-06-02 17:05:35,631 [INFO] ApiDb:274 - Set plugin database path to: C:\ST\STM32CubeIDE_1.15.0\STM32CubeIDE\plugins\com.st.stm32cube.common.mx_6.11.0.202403141607\\db\/plugins/boardmanager/
2024-06-02 17:05:35,632 [WARN] ApiDb:259 - Overriding images path with different value:  => C:\ST\STM32CubeIDE_1.15.0\STM32CubeIDE\plugins\com.st.stm32cube.common.mx_6.11.0.202403141607\\db\/plugins/mcufinder/images/
2024-06-02 17:05:35,638 [INFO] ApiDb:250 - Set database path to: C:\Users\aedan\.stmcufinder\plugins\mcufinder//mcu/
2024-06-02 17:05:35,639 [INFO] DbMcusAds:125 - Set database path to: C:\Users\aedan\.stmcufinder\plugins\mcufinder//mcu/
2024-06-02 17:05:35,641 [INFO] CrossReferenceDbSqlite:203 - Set database path to: C:\Users\aedan\.stmcufinder\plugins\mcufinder//mcu/cs/
2024-06-02 17:05:35,800 [INFO] RulesReader:64 - Compatibility file has been processed (297 Rules)
2024-06-02 17:05:35,957 [INFO] DbMcusXml:78 - Set database path to: C:\ST\STM32CubeIDE_1.15.0\STM32CubeIDE\plugins\com.st.stm32cube.common.mx_6.11.0.202403141607\\db\/mcu/
2024-06-02 17:05:35,957 [INFO] ApiDb:274 - Set plugin database path to: C:\ST\STM32CubeIDE_1.15.0\STM32CubeIDE\plugins\com.st.stm32cube.common.mx_6.11.0.202403141607\\db\/plugins/boardmanager/
2024-06-02 17:05:35,957 [INFO] ApiDb:261 - Set plugin images path to: C:\ST\STM32CubeIDE_1.15.0\STM32CubeIDE\plugins\com.st.stm32cube.common.mx_6.11.0.202403141607\\db\/plugins/mcufinder/images/
2024-06-02 17:05:35,957 [WARN] DbFile:41 - Overriding database path with different value: C:\Users\aedan\.stmcufinder\plugins\mcufinder/ => C:\Users\aedan\.stmcufinder\plugins\mcufinder
2024-06-02 17:05:35,958 [INFO] ApiDb:250 - Set database path to: C:\Users\aedan\.stmcufinder\plugins\mcufinder//mcu/
2024-06-02 17:05:35,958 [WARN] DbFile:41 - Overriding database path with different value: C:\Users\aedan\.stmcufinder\plugins\mcufinder/ => C:\Users\aedan\.stmcufinder\plugins\mcufinder
2024-06-02 17:05:35,958 [INFO] DbMcusAds:125 - Set database path to: C:\Users\aedan\.stmcufinder\plugins\mcufinder//mcu/
2024-06-02 17:05:35,958 [WARN] DbFile:41 - Overriding database path with different value: C:\Users\aedan\.stmcufinder\plugins\mcufinder/ => C:\Users\aedan\.stmcufinder\plugins\mcufinder
2024-06-02 17:05:35,958 [WARN] DbFile:41 - Overriding database path with different value: C:\Users\aedan\.stmcufinder\plugins\mcufinder/ => C:\Users\aedan\.stmcufinder\plugins\mcufinder
2024-06-02 17:05:35,958 [INFO] CrossReferenceDbSqlite:203 - Set database path to: C:\Users\aedan\.stmcufinder\plugins\mcufinder//mcu/cs/
2024-06-02 17:05:36,071 [INFO] MainPanel:264 - HeapMemory: 268435456
2024-06-02 17:05:36,159 [INFO] DbMcusXml:78 - Set database path to: C:\ST\STM32CubeIDE_1.15.0\STM32CubeIDE\plugins\com.st.stm32cube.common.mx_6.11.0.202403141607\\db\/mcu/
2024-06-02 17:05:36,159 [INFO] ApiDb:274 - Set plugin database path to: C:\ST\STM32CubeIDE_1.15.0\STM32CubeIDE\plugins\com.st.stm32cube.common.mx_6.11.0.202403141607\\db\/plugins/boardmanager/
2024-06-02 17:05:36,159 [INFO] ApiDb:261 - Set plugin images path to: C:\ST\STM32CubeIDE_1.15.0\STM32CubeIDE\plugins\com.st.stm32cube.common.mx_6.11.0.202403141607\\db\/plugins/mcufinder/images/
2024-06-02 17:05:36,159 [WARN] DbFile:41 - Overriding database path with different value: C:\Users\aedan\.stmcufinder\plugins\mcufinder/ => C:\Users\aedan\.stmcufinder\plugins\mcufinder
2024-06-02 17:05:36,160 [INFO] ApiDb:250 - Set database path to: C:\Users\aedan\.stmcufinder\plugins\mcufinder//mcu/
2024-06-02 17:05:36,160 [WARN] DbFile:41 - Overriding database path with different value: C:\Users\aedan\.stmcufinder\plugins\mcufinder/ => C:\Users\aedan\.stmcufinder\plugins\mcufinder
2024-06-02 17:05:36,160 [INFO] DbMcusAds:125 - Set database path to: C:\Users\aedan\.stmcufinder\plugins\mcufinder//mcu/
2024-06-02 17:05:36,160 [WARN] DbFile:41 - Overriding database path with different value: C:\Users\aedan\.stmcufinder\plugins\mcufinder/ => C:\Users\aedan\.stmcufinder\plugins\mcufinder
2024-06-02 17:05:36,160 [WARN] DbFile:41 - Overriding database path with different value: C:\Users\aedan\.stmcufinder\plugins\mcufinder/ => C:\Users\aedan\.stmcufinder\plugins\mcufinder
2024-06-02 17:05:36,160 [INFO] CrossReferenceDbSqlite:203 - Set database path to: C:\Users\aedan\.stmcufinder\plugins\mcufinder//mcu/cs/
2024-06-02 17:05:36,176 [INFO] ApplicationProperties:184 - Using Application install path: C:\ST\STM32CubeIDE_1.15.0\STM32CubeIDE\plugins\com.st.stm32cube.common.mx_6.11.0.202403141607
2024-06-02 17:05:36,177 [INFO] PluginManage:196 - Search for loadable plugins [exclusion list=, ]
2024-06-02 17:05:36,178 [INFO] PluginManage:310 - Check plugin analytics
2024-06-02 17:05:36,436 [INFO] AnalyticsPlugin:253 - Accepted Software Licenses: 
2024-06-02 17:05:36,437 [INFO] AnalyticsPlugin:255 - Accepted CMSIS Pack Licenses: 
2024-06-02 17:05:36,437 [INFO] AnalyticsPlugin:257 - Accepted Firmware Licenses: FW.F4.1.28.0
2024-06-02 17:05:36,443 [INFO] PluginManage:359 - Loaded plugin analytics (category:tool,tabindex:-1)
2024-06-02 17:05:36,443 [INFO] PluginManage:310 - Check plugin cadmodel
2024-06-02 17:05:36,452 [INFO] CADModel:105 - Init CAD model plugin
2024-06-02 17:05:36,453 [INFO] PluginManage:359 - Loaded plugin cadmodel (category:power,tabindex:5)
2024-06-02 17:05:36,454 [INFO] PluginManage:310 - Check plugin clock
2024-06-02 17:05:36,477 [INFO] PluginManage:359 - Loaded plugin clock (category:base,tabindex:2)
2024-06-02 17:05:36,478 [INFO] PluginManage:310 - Check plugin ddr
2024-06-02 17:05:36,483 [INFO] PluginManage:359 - Loaded plugin ddr (category:tool,tabindex:6)
2024-06-02 17:05:36,483 [INFO] PluginManage:310 - Check plugin filemanager
2024-06-02 17:05:36,669 [INFO] PluginManage:359 - Loaded plugin filemanager (category:base,tabindex:10)
2024-06-02 17:05:36,669 [INFO] PluginManage:310 - Check plugin ipmanager
2024-06-02 17:05:36,677 [INFO] PluginManage:359 - Loaded plugin ipmanager (category:base,tabindex:5)
2024-06-02 17:05:36,677 [INFO] PluginManage:310 - Check plugin lpbam
2024-06-02 17:05:36,685 [INFO] PluginManage:359 - Loaded plugin lpbam (category:base,tabindex:0)
2024-06-02 17:05:36,685 [INFO] PluginManage:310 - Check plugin memorymap
2024-06-02 17:05:36,697 [INFO] PluginManage:359 - Loaded plugin memorymap (category:base,tabindex:4)
2024-06-02 17:05:36,698 [INFO] PluginManage:310 - Check plugin pinoutandconfiguration
2024-06-02 17:05:36,703 [INFO] PluginManage:359 - Loaded plugin pinoutandconfiguration (category:base,tabindex:1)
2024-06-02 17:05:36,703 [INFO] PluginManage:310 - Check plugin pinoutconfig
2024-06-02 17:05:36,821 [WARN] SupportedApi:132 - Cannot load RTOS API schema: s4s-elt-must-match.1: The content of 'definitions' must match (annotation?, (simpleType | complexType)?, (unique | key | keyref)*)). A problem was found starting at: attribute.
2024-06-02 17:05:36,961 [INFO] PluginManage:359 - Loaded plugin pinoutconfig (category:base,tabindex:0)
2024-06-02 17:05:36,961 [INFO] PluginManage:310 - Check plugin power
2024-06-02 17:05:36,971 [INFO] PluginManage:359 - Loaded plugin power (category:power,tabindex:4)
2024-06-02 17:05:36,971 [INFO] PluginManage:310 - Check plugin projectmanager
2024-06-02 17:05:36,988 [INFO] PluginManage:359 - Loaded plugin projectmanager (category:projectmanager,tabindex:3)
2024-06-02 17:05:36,988 [INFO] PluginManage:310 - Check plugin thirdparty
2024-06-02 17:05:37,122 [INFO] PluginManage:359 - Loaded plugin thirdparty (category:base,tabindex:-1)
2024-06-02 17:05:37,122 [WARN] IntegrityCheckThread:84 - waiting for thirdparty lock release [integrity check]
2024-06-02 17:05:37,122 [INFO] PluginManage:310 - Check plugin tools
2024-06-02 17:05:37,123 [INFO] IntegrityCheckThread:86 - entering critical section [integrity check]
2024-06-02 17:05:37,123 [INFO] ThirdPartyUpdaterWithRetryManager:70 - Updater plugin not ready yet. [1/15]
2024-06-02 17:05:37,125 [INFO] PluginManage:359 - Loaded plugin tools (category:base,tabindex:7)
2024-06-02 17:05:37,125 [INFO] PluginManage:310 - Check plugin tutovideos
2024-06-02 17:05:37,324 [INFO] PluginManage:359 - Loaded plugin tutovideos (category:base,tabindex:-1)
2024-06-02 17:05:37,325 [INFO] PluginManage:310 - Check plugin updater
2024-06-02 17:05:37,335 [INFO] PluginManage:359 - Loaded plugin updater (category:base,tabindex:12)
2024-06-02 17:05:37,335 [INFO] PluginManage:310 - Check plugin userauth
2024-06-02 17:05:37,343 [INFO] UserAuth:114 - Init User Auth plugin
2024-06-02 17:05:37,343 [INFO] PluginManage:359 - Loaded plugin userauth (category:base,tabindex:14)
2024-06-02 17:05:37,343 [INFO] PluginManage:283 - PluginManage : Loaded plugins [17]
2024-06-02 17:05:37,552 [INFO] PinOutPanel:1561 - setPackage(No Configuration,No Configuration)
2024-06-02 17:05:37,618 [INFO] CADModel:165 - CPN selected for project level
2024-06-02 17:05:37,618 [INFO] CADModel:114 - Register for checkConnection events
2024-06-02 17:05:37,633 [INFO] IPUIPlugin:80 - create IPUIPlugin
2024-06-02 17:05:37,633 [INFO] PluginManager:220 - loadIPPluginJar : add adc
2024-06-02 17:05:37,635 [INFO] IPUIPlugin:80 - create IPUIPlugin
2024-06-02 17:05:37,636 [INFO] PluginManager:220 - loadIPPluginJar : add aes
2024-06-02 17:05:37,637 [INFO] IPUIPlugin:80 - create IPUIPlugin
2024-06-02 17:05:37,637 [INFO] PluginManager:220 - loadIPPluginJar : add can
2024-06-02 17:05:37,638 [INFO] IPUIPlugin:80 - create IPUIPlugin
2024-06-02 17:05:37,638 [INFO] PluginManager:220 - loadIPPluginJar : add comp
2024-06-02 17:05:37,640 [INFO] IPUIPlugin:80 - create IPUIPlugin
2024-06-02 17:05:37,640 [INFO] PluginManager:220 - loadIPPluginJar : add cryp
2024-06-02 17:05:37,641 [INFO] IPUIPlugin:80 - create IPUIPlugin
2024-06-02 17:05:37,641 [INFO] PluginManager:220 - loadIPPluginJar : add dfsdm
2024-06-02 17:05:37,645 [INFO] IPUIPlugin:80 - create IPUIPlugin
2024-06-02 17:05:37,645 [INFO] PluginManager:220 - loadIPPluginJar : add dma
2024-06-02 17:05:37,647 [INFO] IPUIPlugin:80 - create IPUIPlugin
2024-06-02 17:05:37,647 [INFO] PluginManager:220 - loadIPPluginJar : add dma3
2024-06-02 17:05:37,648 [INFO] IPUIPlugin:80 - create IPUIPlugin
2024-06-02 17:05:37,649 [INFO] PluginManager:220 - loadIPPluginJar : add extmemmanager
2024-06-02 17:05:37,650 [INFO] IPUIPlugin:80 - create IPUIPlugin
2024-06-02 17:05:37,650 [INFO] PluginManager:220 - loadIPPluginJar : add fatfs
2024-06-02 17:05:37,653 [INFO] IPUIPlugin:80 - create IPUIPlugin
2024-06-02 17:05:37,653 [INFO] PluginManager:220 - loadIPPluginJar : add fmc
2024-06-02 17:05:37,658 [INFO] IPUIPlugin:80 - create IPUIPlugin
2024-06-02 17:05:37,658 [INFO] PluginManager:220 - loadIPPluginJar : add freertos
2024-06-02 17:05:37,659 [INFO] IPUIPlugin:80 - create IPUIPlugin
2024-06-02 17:05:37,659 [INFO] PluginManager:220 - loadIPPluginJar : add genericplugin
2024-06-02 17:05:37,661 [INFO] IPUIPlugin:80 - create IPUIPlugin
2024-06-02 17:05:37,661 [INFO] PluginManager:220 - loadIPPluginJar : add gfxmmu
2024-06-02 17:05:37,665 [INFO] IPUIPlugin:80 - create IPUIPlugin
2024-06-02 17:05:37,665 [INFO] PluginManager:220 - loadIPPluginJar : add gic
2024-06-02 17:05:37,669 [INFO] IPUIPlugin:80 - create IPUIPlugin
2024-06-02 17:05:37,669 [INFO] PluginManager:220 - loadIPPluginJar : add gpio
2024-06-02 17:05:37,671 [INFO] IPUIPlugin:80 - create IPUIPlugin
2024-06-02 17:05:37,671 [INFO] PluginManager:220 - loadIPPluginJar : add gtzc
2024-06-02 17:05:37,672 [INFO] IPUIPlugin:80 - create IPUIPlugin
2024-06-02 17:05:37,672 [INFO] PluginManager:220 - loadIPPluginJar : add hash
2024-06-02 17:05:37,674 [INFO] IPUIPlugin:80 - create IPUIPlugin
2024-06-02 17:05:37,674 [INFO] PluginManager:220 - loadIPPluginJar : add i2c
2024-06-02 17:05:37,676 [INFO] IPUIPlugin:80 - create IPUIPlugin
2024-06-02 17:05:37,676 [INFO] PluginManager:220 - loadIPPluginJar : add i2s
2024-06-02 17:05:37,678 [INFO] IPUIPlugin:80 - create IPUIPlugin
2024-06-02 17:05:37,678 [INFO] PluginManager:220 - loadIPPluginJar : add i3c
2024-06-02 17:05:37,680 [INFO] IPUIPlugin:80 - create IPUIPlugin
2024-06-02 17:05:37,680 [INFO] PluginManager:220 - loadIPPluginJar : add ipddr
2024-06-02 17:05:37,686 [INFO] IPUIPlugin:80 - create IPUIPlugin
2024-06-02 17:05:37,687 [INFO] PluginManager:220 - loadIPPluginJar : add linkedlist
2024-06-02 17:05:37,688 [INFO] IPUIPlugin:80 - create IPUIPlugin
2024-06-02 17:05:37,689 [INFO] PluginManager:220 - loadIPPluginJar : add lorawan
2024-06-02 17:05:37,690 [INFO] IPUIPlugin:80 - create IPUIPlugin
2024-06-02 17:05:37,690 [INFO] PluginManager:220 - loadIPPluginJar : add ltdc
2024-06-02 17:05:37,694 [INFO] IPUIPlugin:80 - create IPUIPlugin
2024-06-02 17:05:37,695 [INFO] PluginManager:220 - loadIPPluginJar : add mdma
2024-06-02 17:05:37,697 [INFO] IPUIPlugin:80 - create IPUIPlugin
2024-06-02 17:05:37,697 [INFO] PluginManager:220 - loadIPPluginJar : add nvic
2024-06-02 17:05:37,699 [INFO] IPUIPlugin:80 - create IPUIPlugin
2024-06-02 17:05:37,699 [INFO] PluginManager:220 - loadIPPluginJar : add opamp
2024-06-02 17:05:37,702 [INFO] IPUIPlugin:80 - create IPUIPlugin
2024-06-02 17:05:37,702 [INFO] PluginManager:220 - loadIPPluginJar : add openamp
2024-06-02 17:05:37,704 [INFO] IPUIPlugin:80 - create IPUIPlugin
2024-06-02 17:05:37,704 [INFO] PluginManager:220 - loadIPPluginJar : add pdm2pcm
2024-06-02 17:05:37,709 [INFO] IPUIPlugin:80 - create IPUIPlugin
2024-06-02 17:05:37,711 [INFO] PluginManager:220 - loadIPPluginJar : add plateformsettings
2024-06-02 17:05:37,713 [INFO] IPUIPlugin:80 - create IPUIPlugin
2024-06-02 17:05:37,713 [INFO] PluginManager:220 - loadIPPluginJar : add quadspi
2024-06-02 17:05:37,716 [INFO] IPUIPlugin:80 - create IPUIPlugin
2024-06-02 17:05:37,716 [INFO] PluginManager:220 - loadIPPluginJar : add resmgrutility
2024-06-02 17:05:37,718 [INFO] IPUIPlugin:80 - create IPUIPlugin
2024-06-02 17:05:37,718 [INFO] PluginManager:220 - loadIPPluginJar : add sai
2024-06-02 17:05:37,720 [INFO] IPUIPlugin:80 - create IPUIPlugin
2024-06-02 17:05:37,721 [INFO] PluginManager:220 - loadIPPluginJar : add spi
2024-06-02 17:05:37,725 [INFO] IPUIPlugin:80 - create IPUIPlugin
2024-06-02 17:05:37,725 [INFO] PluginManager:220 - loadIPPluginJar : add stm32_wpan
2024-06-02 17:05:37,726 [INFO] IPUIPlugin:80 - create IPUIPlugin
2024-06-02 17:05:37,726 [INFO] PluginManager:220 - loadIPPluginJar : add tim
2024-06-02 17:05:37,729 [INFO] IPUIPlugin:80 - create IPUIPlugin
2024-06-02 17:05:37,729 [INFO] PluginManager:220 - loadIPPluginJar : add touchsensing
2024-06-02 17:05:37,730 [INFO] IPUIPlugin:80 - create IPUIPlugin
2024-06-02 17:05:37,730 [INFO] PluginManager:220 - loadIPPluginJar : add tracer_emb
2024-06-02 17:05:37,732 [INFO] IPUIPlugin:80 - create IPUIPlugin
2024-06-02 17:05:37,732 [INFO] PluginManager:220 - loadIPPluginJar : add ts
2024-06-02 17:05:37,734 [INFO] IPUIPlugin:80 - create IPUIPlugin
2024-06-02 17:05:37,734 [INFO] PluginManager:220 - loadIPPluginJar : add tsc
2024-06-02 17:05:37,737 [INFO] IPUIPlugin:80 - create IPUIPlugin
2024-06-02 17:05:37,738 [INFO] PluginManager:220 - loadIPPluginJar : add ucpd
2024-06-02 17:05:37,741 [INFO] IPUIPlugin:80 - create IPUIPlugin
2024-06-02 17:05:37,741 [INFO] PluginManager:220 - loadIPPluginJar : add usart
2024-06-02 17:05:37,745 [INFO] IPUIPlugin:80 - create IPUIPlugin
2024-06-02 17:05:37,745 [INFO] PluginManager:220 - loadIPPluginJar : add usbx
2024-06-02 17:05:37,879 [INFO] CADModel:165 - CPN selected for project level
2024-06-02 17:05:37,879 [INFO] CADModel:114 - Register for checkConnection events
2024-06-02 17:05:37,879 [FATAL] Updater:308 - Updater called before beeing initialized
2024-06-02 17:05:37,879 [ERROR] CADModel:125 - Updater not yet initialized, retry later 
2024-06-02 17:05:38,008 [INFO] CADModel:165 - CPN selected for project level
2024-06-02 17:05:38,008 [INFO] CADModel:114 - Register for checkConnection events
2024-06-02 17:05:38,008 [FATAL] Updater:308 - Updater called before beeing initialized
2024-06-02 17:05:38,008 [ERROR] CADModel:125 - Updater not yet initialized, retry later 
2024-06-02 17:05:38,011 [FATAL] Updater:308 - Updater called before beeing initialized
2024-06-02 17:05:38,115 [FATAL] Updater:308 - Updater called before beeing initialized
2024-06-02 17:05:38,121 [INFO] DbMcusAds:53 - JSON generation date=Thu May 16 19:22:00 AEST 2024 (1715851320852)
2024-06-02 17:05:38,121 [FATAL] Updater:308 - Updater called before beeing initialized
2024-06-02 17:05:38,163 [WARN] DetailPanel:346 - Failed to get advertising image, set to default
2024-06-02 17:05:38,238 [FATAL] Updater:308 - Updater called before beeing initialized
2024-06-02 17:05:38,240 [FATAL] Updater:308 - Updater called before beeing initialized
2024-06-02 17:05:38,240 [FATAL] Updater:308 - Updater called before beeing initialized
2024-06-02 17:05:38,240 [WARN] DetailPanel:346 - Failed to get advertising image, set to default
2024-06-02 17:05:38,240 [FATAL] Updater:308 - Updater called before beeing initialized
2024-06-02 17:05:38,290 [ERROR] Updater:1120 - MainUpdater not yet initialized. External WinMGr cannot be set.
2024-06-02 17:05:38,296 [INFO] Updater:1056 - Updater Version found : 6.11.0
2024-06-02 17:05:38,318 [INFO] ApplicationProperties:184 - Using Application install path: C:\ST\STM32CubeIDE_1.15.0\STM32CubeIDE\plugins\com.st.stm32cube.common.mx_6.11.0.202403141607
2024-06-02 17:05:39,936 [ERROR] LogOutputStream:75 - [STDERR_REDIRECT] Jun 02, 2024 5:05:39 PM java.util.prefs.WindowsPreferences <init>
2024-06-02 17:05:39,937 [ERROR] LogOutputStream:75 - [STDERR_REDIRECT] WARNING: Could not open/create prefs root node Software\JavaSoft\Prefs at root 0xffffffff80000002. Windows RegCreateKeyEx(...) returned error code 5.
2024-06-02 17:05:39,937 [ERROR] LogOutputStream:75 - [STDERR_REDIRECT] 
2024-06-02 17:05:40,129 [INFO] ThirdPartyUpdaterWithRetryManager:70 - Updater plugin not ready yet. [2/15]
2024-06-02 17:05:40,371 [INFO] MainUpdater:2873 - connection check result : 10
2024-06-02 17:05:40,372 [INFO] MainUpdater:290 - Updater Check For Update Now.
2024-06-02 17:05:40,372 [INFO] MicroXplorer:498 - Change Database Version : DB.6.0.110
2024-06-02 17:05:40,379 [INFO] McuFinderGlobals:63 - Set McuFinder mode to 2 (CubeIDE integrated)
2024-06-02 17:05:40,390 [INFO] UserAuth:415 - Internet connection configuration mode: 1
2024-06-02 17:05:40,443 [INFO] JxBrowserEngine:152 - Initiate JxBrowser Engine with user profile folder
2024-06-02 17:05:40,576 [INFO] CheckServerUpdateThread:120 - End of CheckServer Thread
2024-06-02 17:05:43,318 [WARN] PackLoader:240 - Cannot read IP mode file for STMicroelectronics.FP-SNS-MOTENVWB1.1.4.0
2024-06-02 17:05:43,330 [WARN] PackLoader:240 - Cannot read IP mode file for STMicroelectronics.X-CUBE-SMBUS.2.1.0
2024-06-02 17:05:43,335 [WARN] PackLoader:240 - Cannot read IP mode file for STMicroelectronics.X-CUBE-TOUCHGFX.4.23.2
2024-06-02 17:05:43,372 [WARN] PackLoader:240 - Cannot read IP mode file for STMicroelectronics.X-CUBE-AZRTOS-F7.1.1.0
2024-06-02 17:05:43,387 [WARN] PackLoader:240 - Cannot read IP mode file for STMicroelectronics.FP-SNS-FLIGHT1.5.0.2
2024-06-02 17:05:43,401 [WARN] PackLoader:240 - Cannot read IP mode file for STMicroelectronics.X-CUBE-DISPLAY.3.0.0
2024-06-02 17:05:43,422 [WARN] PackLoader:240 - Cannot read IP mode file for STMicroelectronics.X-CUBE-BLE1.7.0.0
2024-06-02 17:05:43,431 [WARN] PackLoader:240 - Cannot read IP mode file for emotas.I-CUBE-CANOPEN.1.3.0
2024-06-02 17:05:43,450 [WARN] PackLoader:240 - Cannot read IP mode file for STMicroelectronics.X-CUBE-BLEMGR.3.1.0
2024-06-02 17:05:43,462 [WARN] PackLoader:240 - Cannot read IP mode file for STMicroelectronics.FP-SNS-SMARTAG2.1.2.0
2024-06-02 17:05:43,477 [INFO] LogOutputStream:77 - [STDOUT_REDIRECT] 1 : Invalid condition id : UX_CORESTACK_Condition cause : null
2024-06-02 17:05:43,478 [INFO] LogOutputStream:77 - [STDOUT_REDIRECT] 1 : Invalid condition id : UX_CORESTACK_Condition cause : null
2024-06-02 17:05:43,480 [INFO] LogOutputStream:77 - [STDOUT_REDIRECT] 1 : Invalid condition id : UX_CORESTACK_Condition cause : null
2024-06-02 17:05:43,481 [INFO] LogOutputStream:77 - [STDOUT_REDIRECT] 1 : Invalid condition id : UX_CORESTACK_Condition cause : null
2024-06-02 17:05:43,483 [INFO] LogOutputStream:77 - [STDOUT_REDIRECT] 1 : Invalid condition id : UX_CORESTACK_Condition cause : null
2024-06-02 17:05:43,493 [WARN] PackLoader:240 - Cannot read IP mode file for STMicroelectronics.X-CUBE-AZRTOS-WL.2.0.0
2024-06-02 17:05:43,500 [WARN] PackLoader:240 - Cannot read IP mode file for STMicroelectronics.FP-SNS-MOTENV1.5.0.0
2024-06-02 17:05:43,516 [WARN] PackLoader:240 - Cannot read IP mode file for WES.I-CUBE-Cesium.1.3.0
2024-06-02 17:05:43,523 [WARN] PackLoader:240 - Cannot read IP mode file for STMicroelectronics.X-CUBE-BLE2.3.3.0
2024-06-02 17:05:43,530 [WARN] PackLoader:240 - Cannot read IP mode file for STMicroelectronics.X-CUBE-TCPP.4.1.0
2024-06-02 17:05:43,538 [WARN] PackLoader:240 - Cannot read IP mode file for STMicroelectronics.X-CUBE-ALGOBUILD.1.3.0
2024-06-02 17:05:43,558 [WARN] PackLoader:240 - Cannot read IP mode file for STMicroelectronics.X-CUBE-AZRTOS-G0.1.1.0
2024-06-02 17:05:43,569 [WARN] PackLoader:240 - Cannot read IP mode file for STMicroelectronics.X-CUBE-SAFEA1.1.2.2
2024-06-02 17:05:43,576 [WARN] PackLoader:240 - Cannot read IP mode file for STMicroelectronics.X-CUBE-NFC4.3.0.0
2024-06-02 17:05:43,582 [WARN] PackLoader:240 - Cannot read IP mode file for wolfSSL.I-CUBE-wolfMQTT.1.18.0
2024-06-02 17:05:43,586 [WARN] PackLoader:240 - Cannot read IP mode file for wolfSSL.I-CUBE-wolfSSL.5.7.0
2024-06-02 17:05:43,591 [WARN] PackLoader:240 - Cannot read IP mode file for STMicroelectronics.FP-ATR-SIGFOX1.3.2.0
2024-06-02 17:05:43,615 [WARN] PackLoader:240 - Cannot read IP mode file for STMicroelectronics.X-CUBE-EEPRMA1.5.1.0
2024-06-02 17:05:43,662 [WARN] PackLoader:240 - Cannot read IP mode file for ITTIA_DB.I-CUBE-ITTIADB.8.9.0
2024-06-02 17:05:43,726 [WARN] PackLoader:240 - Cannot read IP mode file for SEGGER.I-CUBE-embOS.1.3.1
2024-06-02 17:05:43,778 [WARN] PackLoader:240 - Cannot read IP mode file for STMicroelectronics.X-CUBE-ALGOBUILD.1.4.0
2024-06-02 17:05:43,786 [WARN] PackLoader:240 - Cannot read IP mode file for STMicroelectronics.X-CUBE-GNSS1.6.0.0
2024-06-02 17:05:43,802 [WARN] PackLoader:240 - Cannot read IP mode file for STMicroelectronics.X-CUBE-AZRTOS-F4.1.1.0
2024-06-02 17:05:43,810 [WARN] PackLoader:240 - Cannot read IP mode file for STMicroelectronics.X-CUBE-FREERTOS.1.2.0
2024-06-02 17:05:43,826 [WARN] PackLoader:240 - Cannot read IP mode file for STMicroelectronics.X-CUBE-AZRTOS-L5.2.0.0
2024-06-02 17:05:43,837 [WARN] PackLoader:240 - Cannot read IP mode file for STMicroelectronics.X-CUBE-NFC6.3.1.0
2024-06-02 17:05:43,983 [WARN] PackLoader:240 - Cannot read IP mode file for STMicroelectronics.X-CUBE-AI.9.0.0
2024-06-02 17:05:43,989 [WARN] PackLoader:240 - Cannot read IP mode file for STMicroelectronics.X-CUBE-NFC7.1.0.1
2024-06-02 17:05:44,006 [WARN] ConditionMgr:438 - getConditionDescription Invalid condition id : LAN8742 Phy interface Condition cause : null
2024-06-02 17:05:44,006 [WARN] PackLoader:240 - Cannot read IP mode file for STMicroelectronics.X-CUBE-AZRTOS-L4.2.0.0
2024-06-02 17:05:44,008 [WARN] ConditionMgr:1039 - genDependencies : Invalid condition id : LAN8742 Phy interface Condition cause : null
2024-06-02 17:05:44,009 [WARN] ConditionMgr:1039 - genDependencies : Invalid condition id : LAN8742 Phy interface Condition cause : null
2024-06-02 17:05:44,009 [WARN] ConditionMgr:1039 - genDependencies : Invalid condition id : LAN8742 Phy interface Condition cause : null
2024-06-02 17:05:44,017 [WARN] PackLoader:240 - Cannot read IP mode file for STMicroelectronics.X-CUBE-SFXS2LP1.4.0.0
2024-06-02 17:05:44,033 [WARN] ConditionMgr:438 - getConditionDescription Invalid condition id : UX DEVICE CLASS RTOS Condition cause : null
2024-06-02 17:05:44,033 [WARN] ConditionMgr:438 - getConditionDescription Invalid condition id : UX DEVICE CLASS RTOS Condition cause : null
2024-06-02 17:05:44,035 [WARN] PackLoader:240 - Cannot read IP mode file for STMicroelectronics.X-CUBE-AZRTOS-WB.2.0.0
2024-06-02 17:05:44,036 [WARN] ConditionMgr:1039 - genDependencies : Invalid condition id : UX DEVICE CLASS RTOS Condition cause : null
2024-06-02 17:05:44,036 [WARN] ConditionMgr:1039 - genDependencies : Invalid condition id : UX DEVICE CLASS RTOS Condition cause : null
2024-06-02 17:05:44,036 [WARN] ConditionMgr:1039 - genDependencies : Invalid condition id : UX DEVICE CLASS RTOS Condition cause : null
2024-06-02 17:05:44,036 [WARN] ConditionMgr:1039 - genDependencies : Invalid condition id : UX DEVICE CLASS RTOS Condition cause : null
2024-06-02 17:05:44,037 [WARN] ConditionMgr:1039 - genDependencies : Invalid condition id : UX DEVICE CLASS RTOS Condition cause : null
2024-06-02 17:05:44,048 [WARN] PackLoader:240 - Cannot read IP mode file for STMicroelectronics.X-CUBE-SUBG2.5.0.0
2024-06-02 17:05:44,057 [WARN] PackLoader:240 - Cannot read IP mode file for Cesanta.I-CUBE-Mongoose.7.13.0
2024-06-02 17:05:44,070 [WARN] PackLoader:240 - Cannot read IP mode file for STMicroelectronics.X-CUBE-AZRTOS-G4.2.0.0
2024-06-02 17:05:44,075 [WARN] PackLoader:240 - Cannot read IP mode file for STMicroelectronics.X-CUBE-ISPU.2.0.0
2024-06-02 17:05:44,082 [WARN] PackLoader:240 - Cannot read IP mode file for STMicroelectronics.X-CUBE-ALS.1.0.2
2024-06-02 17:05:44,129 [WARN] PackLoader:240 - Cannot read IP mode file for STMicroelectronics.X-CUBE-MEMS1.10.0.0
2024-06-02 17:05:44,224 [WARN] PackLoader:240 - Cannot read IP mode file for STMicroelectronics.X-CUBE-FREERTOS.1.1.0
2024-06-02 17:05:44,229 [WARN] PackLoader:240 - Cannot read IP mode file for portGmbH.I-Cube-SoM-uGOAL.1.1.0
2024-06-02 17:05:44,233 [WARN] PackLoader:240 - Cannot read IP mode file for STMicroelectronics.X-CUBE-ALS.1.0.1
2024-06-02 17:05:44,249 [WARN] PackLoader:240 - Cannot read IP mode file for STMicroelectronics.X-CUBE-AZRTOS-H7RS.1.0.0
2024-06-02 17:05:44,255 [WARN] PackLoader:240 - Cannot read IP mode file for STMicroelectronics.FP-ATR-ASTRA1.2.0.0
2024-06-02 17:05:44,264 [WARN] PackLoader:240 - Cannot read IP mode file for STMicroelectronics.X-CUBE-TOF1.3.4.1
2024-06-02 17:05:44,287 [WARN] PackLoader:240 - Cannot read IP mode file for STMicroelectronics.X-CUBE-AZRTOS-H7.3.2.0
2024-06-02 17:05:44,306 [WARN] PackLoader:240 - Cannot read IP mode file for Infineon.AIROC-Wi-Fi-Bluetooth-STM32.1.6.0
2024-06-02 17:05:44,311 [INFO] ThirdParty:978 - Integrity check success = true
2024-06-02 17:05:44,311 [INFO] IntegrityCheckThread:100 - exiting critical section [integrity check]
2024-06-02 17:05:44,311 [INFO] IntegrityCheckThread:103 - End integrity checks thread
2024-06-02 17:05:45,048 [INFO] WebApp:161 - Instantiating new browser for Auth
2024-06-02 17:05:45,584 [INFO] WebApp:779 - Register for checkConnection events
2024-06-02 17:05:45,584 [INFO] WebApp:414 - Apply proxy settings
2024-06-02 17:05:45,584 [INFO] WebApp:499 - Chromium requires no authentication
2024-06-02 17:05:45,591 [INFO] WebApp:442 - Direct internet connection detected
2024-06-02 17:05:45,734 [INFO] WebApp:192 - Starting web application
2024-06-02 17:05:45,734 [INFO] WebApp:544 - Web application path used C:\ST\STM32CubeIDE_1.15.0\STM32CubeIDE\plugins\com.st.stm32cube.common.mx_6.11.0.202403141607\db\plugins\mcufinder\reactClient1\index.html
2024-06-02 17:05:48,823 [ERROR] LogOutputStream:75 - [STDERR_REDIRECT] 
2024-06-02 17:05:48,824 [ERROR] LogOutputStream:75 - [STDERR_REDIRECT] 
